C:\Users\alber\Desktop\PC\Programming\C++\Titanium\Titanium\TitaniumDriver\TitaniumDriver.vcxproj(118,5): warning MSB4011: "C:\Program Files (x86)\Microsoft Visual Studio\2019\Community\MSBuild\Microsoft\VC\v160\BuildCustomizations\masm.props" cannot be imported again. It was already imported at "C:\Program Files (x86)\Windows Kits\10\build\WindowsDriver.Shared.props (352,3)". This is most likely a build authoring error. This subsequent import will be ignored. 
C:\Users\alber\Desktop\PC\Programming\C++\Titanium\Titanium\TitaniumDriver\TitaniumDriver.vcxproj(230,5): warning MSB4011: "C:\Program Files (x86)\Microsoft Visual Studio\2019\Community\MSBuild\Microsoft\VC\v160\BuildCustomizations\masm.targets" cannot be imported again. It was already imported at "C:\Program Files (x86)\Windows Kits\10\build\WindowsDriver.common.targets (1878,3)". This is most likely a build authoring error. This subsequent import will be ignored. 
  Building 'TitaniumDriver' with toolset 'WindowsKernelModeDriver10.0' and the 'Desktop' target platform.
  Driver.c
C:\Users\alber\Desktop\PC\Programming\C++\Titanium\Titanium\TitaniumDriver\Driver.c(33,2): warning C4273: 'PsLookupProcessByProcessId': inconsistent dll linkage
C:\Program Files (x86)\Windows Kits\10\Include\10.0.19041.0\km\ntifs.h(17492,1): message : see previous definition of 'PsLookupProcessByProcessId'
C:\Users\alber\Desktop\PC\Programming\C++\Titanium\Titanium\TitaniumDriver\Driver.c(42,29): warning C4047: '=': 'ULONG' differs in levels of indirection from 'HANDLE'
C:\Users\alber\Desktop\PC\Programming\C++\Titanium\Titanium\TitaniumDriver\Driver.c(44,19): warning C4047: 'function': 'wchar_t *' differs in levels of indirection from 'wchar_t *[512]'
C:\Users\alber\Desktop\PC\Programming\C++\Titanium\Titanium\TitaniumDriver\Driver.c(44,13): warning C4024: 'wcscpy': different types for formal and actual parameter 1
C:\Users\alber\Desktop\PC\Programming\C++\Titanium\Titanium\TitaniumDriver\Driver.c(59,39): warning C4047: '==': 'ULONG' differs in levels of indirection from 'HANDLE'
C:\Users\alber\Desktop\PC\Programming\C++\Titanium\Titanium\TitaniumDriver\Driver.c(76,28): warning C4047: 'function': 'const wchar_t *' differs in levels of indirection from 'wchar_t *[512]'
C:\Users\alber\Desktop\PC\Programming\C++\Titanium\Titanium\TitaniumDriver\Driver.c(76,22): warning C4024: 'wcsstr': different types for formal and actual parameter 1
C:\Users\alber\Desktop\PC\Programming\C++\Titanium\Titanium\TitaniumDriver\Driver.c(99,6): warning C4047: 'function': 'PSIZE_T' differs in levels of indirection from 'PSIZE_T *'
C:\Users\alber\Desktop\PC\Programming\C++\Titanium\Titanium\TitaniumDriver\Driver.c(99,6): warning C4024: 'MmCopyVirtualMemory': different types for formal and actual parameter 7
C:\Users\alber\Desktop\PC\Programming\C++\Titanium\Titanium\TitaniumDriver\Driver.c(109,1): warning C4047: 'function': 'PSIZE_T' differs in levels of indirection from 'PSIZE_T *'
C:\Users\alber\Desktop\PC\Programming\C++\Titanium\Titanium\TitaniumDriver\Driver.c(108,1): warning C4024: 'MmCopyVirtualMemory': different types for formal and actual parameter 7
C:\Users\alber\Desktop\PC\Programming\C++\Titanium\Titanium\TitaniumDriver\Driver.c(149,9): warning C4100: 'ThreadId': unreferenced formal parameter
C:\Users\alber\Desktop\PC\Programming\C++\Titanium\Titanium\TitaniumDriver\Driver.c(148,9): warning C4100: 'ProcessId': unreferenced formal parameter
C:\Users\alber\Desktop\PC\Programming\C++\Titanium\Titanium\TitaniumDriver\Driver.c(174,53): warning C4022: 'PsLookupProcessByProcessId': pointer mismatch for actual parameter 1
C:\Users\alber\Desktop\PC\Programming\C++\Titanium\Titanium\TitaniumDriver\Driver.c(188,53): warning C4022: 'PsLookupProcessByProcessId': pointer mismatch for actual parameter 1
C:\Users\alber\Desktop\PC\Programming\C++\Titanium\Titanium\TitaniumDriver\Driver.c(205,53): warning C4022: 'PsLookupProcessByProcessId': pointer mismatch for actual parameter 1
C:\Users\alber\Desktop\PC\Programming\C++\Titanium\Titanium\TitaniumDriver\Driver.c(208,44): warning C4022: 'WriteVirtualProcessMemory': pointer mismatch for actual parameter 2
C:\Users\alber\Desktop\PC\Programming\C++\Titanium\Titanium\TitaniumDriver\Driver.c(208,60): warning C4022: 'WriteVirtualProcessMemory': pointer mismatch for actual parameter 3
C:\Users\alber\Desktop\PC\Programming\C++\Titanium\Titanium\TitaniumDriver\Driver.c(219,53): warning C4022: 'PsLookupProcessByProcessId': pointer mismatch for actual parameter 1
C:\Users\alber\Desktop\PC\Programming\C++\Titanium\Titanium\TitaniumDriver\Driver.c(222,44): warning C4022: 'WriteVirtualProcessMemory': pointer mismatch for actual parameter 2
C:\Users\alber\Desktop\PC\Programming\C++\Titanium\Titanium\TitaniumDriver\Driver.c(222,60): warning C4022: 'WriteVirtualProcessMemory': pointer mismatch for actual parameter 3
C:\Users\alber\Desktop\PC\Programming\C++\Titanium\Titanium\TitaniumDriver\Driver.c(279,43): warning C4022: 'InjectX64Dll': pointer mismatch for actual parameter 1
C:\Users\alber\Desktop\PC\Programming\C++\Titanium\Titanium\TitaniumDriver\Driver.c(293,43): warning C4022: 'InjectX86Dll': pointer mismatch for actual parameter 1
C:\Users\alber\Desktop\PC\Programming\C++\Titanium\Titanium\TitaniumDriver\Driver.c(156,38): warning C4100: 'DeviceObject': unreferenced formal parameter
C:\Users\alber\Desktop\PC\Programming\C++\Titanium\Titanium\TitaniumDriver\Driver.c(327,32): warning C4100: 'DeviceObject': unreferenced formal parameter
C:\Users\alber\Desktop\PC\Programming\C++\Titanium\Titanium\TitaniumDriver\Driver.c(336,31): warning C4100: 'pDriverObject': unreferenced formal parameter
C:\Users\alber\Desktop\PC\Programming\C++\Titanium\Titanium\TitaniumDriver\Driver.c(345,68): warning C4100: 'pRegistryPath': unreferenced formal parameter
  TitaniumDriver.vcxproj -> C:\Users\alber\Desktop\PC\Programming\C++\Titanium\Titanium\x64\Release\TitaniumDriver.sys
C:\Users\alber\Desktop\PC\Programming\C++\Titanium\Titanium\TitaniumDriver\TitaniumDriver.vcxproj(118,5): warning MSB4011: "C:\Program Files (x86)\Microsoft Visual Studio\2019\Community\MSBuild\Microsoft\VC\v160\BuildCustomizations\masm.props" cannot be imported again. It was already imported at "C:\Program Files (x86)\Windows Kits\10\build\WindowsDriver.Shared.props (352,3)". This is most likely a build authoring error. This subsequent import will be ignored. 
C:\Users\alber\Desktop\PC\Programming\C++\Titanium\Titanium\TitaniumDriver\TitaniumDriver.vcxproj(230,5): warning MSB4011: "C:\Program Files (x86)\Microsoft Visual Studio\2019\Community\MSBuild\Microsoft\VC\v160\BuildCustomizations\masm.targets" cannot be imported again. It was already imported at "C:\Program Files (x86)\Windows Kits\10\build\WindowsDriver.common.targets (1878,3)". This is most likely a build authoring error. This subsequent import will be ignored. 
  Done Adding Additional Store
  Successfully signed: C:\Users\alber\Desktop\PC\Programming\C++\Titanium\Titanium\x64\Release\TitaniumDriver.sys
  
  Inf2Cat task was skipped as there were no inf files to process
  
C:\Users\alber\Desktop\PC\Programming\C++\Titanium\Titanium\TitaniumDriver\TitaniumDriver.vcxproj(118,5): warning MSB4011: "C:\Program Files (x86)\Microsoft Visual Studio\2019\Community\MSBuild\Microsoft\VC\v160\BuildCustomizations\masm.props" cannot be imported again. It was already imported at "C:\Program Files (x86)\Windows Kits\10\build\WindowsDriver.Shared.props (352,3)". This is most likely a build authoring error. This subsequent import will be ignored. 
C:\Users\alber\Desktop\PC\Programming\C++\Titanium\Titanium\TitaniumDriver\TitaniumDriver.vcxproj(230,5): warning MSB4011: "C:\Program Files (x86)\Microsoft Visual Studio\2019\Community\MSBuild\Microsoft\VC\v160\BuildCustomizations\masm.targets" cannot be imported again. It was already imported at "C:\Program Files (x86)\Windows Kits\10\build\WindowsDriver.common.targets (1878,3)". This is most likely a build authoring error. This subsequent import will be ignored. 
